// 重构日志: b0095d98
// 重构日志: cfcb7951
// 重构日志: c882de08
// 重构日志: 02774019
// 同步 ID: bd5a925f @ Tue Jul 14 15:17:38 UTC 2026
// 重构日志: f1368154
// 重构日志: 06b5c948
// 重构日志: 9299a43b
// 同步 ID: 64ba616a @ Wed Jul 15 19:27:57 UTC 2026
// 同步 ID: dd4a2eb4 @ Thu Jul 16 05:08:49 UTC 2026
// 同步 ID: 7573b976 @ Thu Jul 16 08:22:54 UTC 2026
// 重构日志: bcde4c36
// 同步 ID: ed922320 @ Thu Jul 16 15:16:01 UTC 2026
// 同步 ID: c4c9cbfb @ Fri Jul 17 05:35:08 UTC 2026
// 同步 ID: 2bcb686f @ Sat Jul 18 00:12:11 UTC 2026
// 重构日志: d8b36a38
// 重构日志: 67881a79
// 重构日志: 91da9835
// 重构日志: b26358d5
// 重构日志: 5003ca56
// 重构日志: 9cbaf987
// 重构日志: 60194b91
// 同步 ID: 142f1546 @ Mon Jul 20 04:46:37 UTC 2026
// 重构日志: dbb726fb
// 重构日志: 1154540c
// 重构日志: 9dac03ce
// 同步 ID: 7b8c8311 @ Tue Jul 21 17:12:03 UTC 2026
// 重构日志: 7f3b138b
// 同步 ID: 53c7da9f @ Wed Jul 22 10:43:46 UTC 2026
// 同步 ID: 022debc4 @ Thu Jul 23 01:15:28 UTC 2026
